C:\USERS\USER-PC\DOCUMENTS\VISUAL STUDIO 2012\PROJECTS\MFCAPPLICATION1\MFCAPPLICATION1\DEBUG\MFCAPPLICATION1.PCH
C:\USERS\USER-PC\DOCUMENTS\VISUAL STUDIO 2012\PROJECTS\MFCAPPLICATION1\MFCAPPLICATION1\DEBUG\STDAFX.OBJ
C:\USERS\USER-PC\DOCUMENTS\VISUAL STUDIO 2012\PROJECTS\MFCAPPLICATION1\MFCAPPLICATION1\DEBUG\VC110.PDB
C:\USERS\USER-PC\DOCUMENTS\VISUAL STUDIO 2012\PROJECTS\MFCAPPLICATION1\MFCAPPLICATION1\DEBUG\MAINFRM.OBJ
C:\USERS\USER-PC\DOCUMENTS\VISUAL STUDIO 2012\PROJECTS\MFCAPPLICATION1\MFCAPPLICATION1\DEBUG\MFCAPPLICATION1DOC.OBJ
C:\USERS\USER-PC\DOCUMENTS\VISUAL STUDIO 2012\PROJECTS\MFCAPPLICATION1\MFCAPPLICATION1\DEBUG\MFCAPPLICATION1VIEW.OBJ
C:\USERS\USER-PC\DOCUMENTS\VISUAL STUDIO 2012\PROJECTS\MFCAPPLICATION1\MFCAPPLICATION1\DEBUG\MFCAPPLICATION1.OBJ
C:\USERS\USER-PC\DOCUMENTS\VISUAL STUDIO 2012\PROJECTS\MFCAPPLICATION1\MFCAPPLICATION1\DEBUG\CALCULATORDLG.OBJ
C:\USERS\USER-PC\DOCUMENTS\VISUAL STUDIO 2012\PROJECTS\MFCAPPLICATION1\MFCAPPLICATION1\DEBUG\UTILS.OBJ
C:\USERS\USER-PC\DOCUMENTS\VISUAL STUDIO 2012\PROJECTS\MFCAPPLICATION1\MFCAPPLICATION1\DEBUG\LOGIC.OBJ
C:\USERS\USER-PC\DOCUMENTS\VISUAL STUDIO 2012\PROJECTS\MFCAPPLICATION1\MFCAPPLICATION1\DEBUG\STYLE.OBJ
C:\USERS\USER-PC\DOCUMENTS\VISUAL STUDIO 2012\PROJECTS\MFCAPPLICATION1\DEBUG\MFCAPPLICATION1.ILK
C:\USERS\USER-PC\DOCUMENTS\VISUAL STUDIO 2012\PROJECTS\MFCAPPLICATION1\DEBUG\MFCAPPLICATION1.EXE
C:\USERS\USER-PC\DOCUMENTS\VISUAL STUDIO 2012\PROJECTS\MFCAPPLICATION1\DEBUG\MFCAPPLICATION1.PDB
C:\USERS\USER-PC\DOCUMENTS\VISUAL STUDIO 2012\PROJECTS\MFCAPPLICATION1\MFCAPPLICATION1\DEBUG\MFCAPPLICATION1.RES
C:\Users\USER-PC\documents\visual studio 2012\Projects\MFCApplication1\MFCApplication1\Debug\CalculatorDlg.obj
C:\Users\USER-PC\documents\visual studio 2012\Projects\MFCApplication1\MFCApplication1\Debug\logic.obj
C:\Users\USER-PC\documents\visual studio 2012\Projects\MFCApplication1\MFCApplication1\Debug\MainFrm.obj
C:\Users\USER-PC\documents\visual studio 2012\Projects\MFCApplication1\MFCApplication1\Debug\MFCApplication1.obj
C:\Users\USER-PC\documents\visual studio 2012\Projects\MFCApplication1\MFCApplication1\Debug\MFCApplication1Doc.obj
C:\Users\USER-PC\documents\visual studio 2012\Projects\MFCApplication1\MFCApplication1\Debug\MFCApplication1View.obj
C:\Users\USER-PC\documents\visual studio 2012\Projects\MFCApplication1\MFCApplication1\Debug\stdafx.obj
C:\Users\USER-PC\documents\visual studio 2012\Projects\MFCApplication1\MFCApplication1\Debug\style.obj
C:\Users\USER-PC\documents\visual studio 2012\Projects\MFCApplication1\MFCApplication1\Debug\utils.obj
C:\Users\USER-PC\documents\visual studio 2012\Projects\MFCApplication1\MFCApplication1\Debug\cl.command.1.tlog
C:\Users\USER-PC\documents\visual studio 2012\Projects\MFCApplication1\MFCApplication1\Debug\CL.read.1.tlog
C:\Users\USER-PC\documents\visual studio 2012\Projects\MFCApplication1\MFCApplication1\Debug\CL.write.1.tlog
C:\Users\USER-PC\documents\visual studio 2012\Projects\MFCApplication1\MFCApplication1\Debug\link-cvtres.read.1.tlog
C:\Users\USER-PC\documents\visual studio 2012\Projects\MFCApplication1\MFCApplication1\Debug\link-cvtres.write.1.tlog
C:\Users\USER-PC\documents\visual studio 2012\Projects\MFCApplication1\MFCApplication1\Debug\link-mt.read.1.tlog
C:\Users\USER-PC\documents\visual studio 2012\Projects\MFCApplication1\MFCApplication1\Debug\link-mt.write.1.tlog
C:\Users\USER-PC\documents\visual studio 2012\Projects\MFCApplication1\MFCApplication1\Debug\link-rc.read.1.tlog
C:\Users\USER-PC\documents\visual studio 2012\Projects\MFCApplication1\MFCApplication1\Debug\link-rc.write.1.tlog
C:\Users\USER-PC\documents\visual studio 2012\Projects\MFCApplication1\MFCApplication1\Debug\link.10628-cvtres.read.1.tlog
C:\Users\USER-PC\documents\visual studio 2012\Projects\MFCApplication1\MFCApplication1\Debug\link.10628-cvtres.write.1.tlog
C:\Users\USER-PC\documents\visual studio 2012\Projects\MFCApplication1\MFCApplication1\Debug\link.10628-mt.read.1.tlog
C:\Users\USER-PC\documents\visual studio 2012\Projects\MFCApplication1\MFCApplication1\Debug\link.10628-mt.write.1.tlog
C:\Users\USER-PC\documents\visual studio 2012\Projects\MFCApplication1\MFCApplication1\Debug\link.10628-rc.read.1.tlog
C:\Users\USER-PC\documents\visual studio 2012\Projects\MFCApplication1\MFCApplication1\Debug\link.10628-rc.write.1.tlog
C:\Users\USER-PC\documents\visual studio 2012\Projects\MFCApplication1\MFCApplication1\Debug\link.10628.read.1.tlog
C:\Users\USER-PC\documents\visual studio 2012\Projects\MFCApplication1\MFCApplication1\Debug\link.10628.write.1.tlog
C:\Users\USER-PC\documents\visual studio 2012\Projects\MFCApplication1\MFCApplication1\Debug\link.10684-cvtres.read.1.tlog
C:\Users\USER-PC\documents\visual studio 2012\Projects\MFCApplication1\MFCApplication1\Debug\link.10684-cvtres.write.1.tlog
C:\Users\USER-PC\documents\visual studio 2012\Projects\MFCApplication1\MFCApplication1\Debug\link.10684-mt.read.1.tlog
C:\Users\USER-PC\documents\visual studio 2012\Projects\MFCApplication1\MFCApplication1\Debug\link.10684-mt.write.1.tlog
C:\Users\USER-PC\documents\visual studio 2012\Projects\MFCApplication1\MFCApplication1\Debug\link.10684-rc.read.1.tlog
C:\Users\USER-PC\documents\visual studio 2012\Projects\MFCApplication1\MFCApplication1\Debug\link.10684-rc.write.1.tlog
C:\Users\USER-PC\documents\visual studio 2012\Projects\MFCApplication1\MFCApplication1\Debug\link.10684.read.1.tlog
C:\Users\USER-PC\documents\visual studio 2012\Projects\MFCApplication1\MFCApplication1\Debug\link.10684.write.1.tlog
C:\Users\USER-PC\documents\visual studio 2012\Projects\MFCApplication1\MFCApplication1\Debug\link.11396-cvtres.read.1.tlog
C:\Users\USER-PC\documents\visual studio 2012\Projects\MFCApplication1\MFCApplication1\Debug\link.11396-cvtres.write.1.tlog
C:\Users\USER-PC\documents\visual studio 2012\Projects\MFCApplication1\MFCApplication1\Debug\link.11396-mt.read.1.tlog
C:\Users\USER-PC\documents\visual studio 2012\Projects\MFCApplication1\MFCApplication1\Debug\link.11396-mt.write.1.tlog
C:\Users\USER-PC\documents\visual studio 2012\Projects\MFCApplication1\MFCApplication1\Debug\link.11396-rc.read.1.tlog
C:\Users\USER-PC\documents\visual studio 2012\Projects\MFCApplication1\MFCApplication1\Debug\link.11396-rc.write.1.tlog
C:\Users\USER-PC\documents\visual studio 2012\Projects\MFCApplication1\MFCApplication1\Debug\link.11396.read.1.tlog
C:\Users\USER-PC\documents\visual studio 2012\Projects\MFCApplication1\MFCApplication1\Debug\link.11396.write.1.tlog
C:\Users\USER-PC\documents\visual studio 2012\Projects\MFCApplication1\MFCApplication1\Debug\link.11872-cvtres.read.1.tlog
C:\Users\USER-PC\documents\visual studio 2012\Projects\MFCApplication1\MFCApplication1\Debug\link.11872-cvtres.write.1.tlog
C:\Users\USER-PC\documents\visual studio 2012\Projects\MFCApplication1\MFCApplication1\Debug\link.11872-mt.read.1.tlog
C:\Users\USER-PC\documents\visual studio 2012\Projects\MFCApplication1\MFCApplication1\Debug\link.11872-mt.write.1.tlog
C:\Users\USER-PC\documents\visual studio 2012\Projects\MFCApplication1\MFCApplication1\Debug\link.11872-rc.read.1.tlog
C:\Users\USER-PC\documents\visual studio 2012\Projects\MFCApplication1\MFCApplication1\Debug\link.11872-rc.write.1.tlog
C:\Users\USER-PC\documents\visual studio 2012\Projects\MFCApplication1\MFCApplication1\Debug\link.11872.read.1.tlog
C:\Users\USER-PC\documents\visual studio 2012\Projects\MFCApplication1\MFCApplication1\Debug\link.11872.write.1.tlog
C:\Users\USER-PC\documents\visual studio 2012\Projects\MFCApplication1\MFCApplication1\Debug\link.12200-cvtres.read.1.tlog
C:\Users\USER-PC\documents\visual studio 2012\Projects\MFCApplication1\MFCApplication1\Debug\link.12200-cvtres.write.1.tlog
C:\Users\USER-PC\documents\visual studio 2012\Projects\MFCApplication1\MFCApplication1\Debug\link.12200-mt.read.1.tlog
C:\Users\USER-PC\documents\visual studio 2012\Projects\MFCApplication1\MFCApplication1\Debug\link.12200-mt.write.1.tlog
C:\Users\USER-PC\documents\visual studio 2012\Projects\MFCApplication1\MFCApplication1\Debug\link.12200-rc.read.1.tlog
C:\Users\USER-PC\documents\visual studio 2012\Projects\MFCApplication1\MFCApplication1\Debug\link.12200-rc.write.1.tlog
C:\Users\USER-PC\documents\visual studio 2012\Projects\MFCApplication1\MFCApplication1\Debug\link.12200.read.1.tlog
C:\Users\USER-PC\documents\visual studio 2012\Projects\MFCApplication1\MFCApplication1\Debug\link.12200.write.1.tlog
C:\Users\USER-PC\documents\visual studio 2012\Projects\MFCApplication1\MFCApplication1\Debug\link.12208-cvtres.read.1.tlog
C:\Users\USER-PC\documents\visual studio 2012\Projects\MFCApplication1\MFCApplication1\Debug\link.12208-cvtres.write.1.tlog
C:\Users\USER-PC\documents\visual studio 2012\Projects\MFCApplication1\MFCApplication1\Debug\link.12208-mt.read.1.tlog
C:\Users\USER-PC\documents\visual studio 2012\Projects\MFCApplication1\MFCApplication1\Debug\link.12208-mt.write.1.tlog
C:\Users\USER-PC\documents\visual studio 2012\Projects\MFCApplication1\MFCApplication1\Debug\link.12208-rc.read.1.tlog
C:\Users\USER-PC\documents\visual studio 2012\Projects\MFCApplication1\MFCApplication1\Debug\link.12208-rc.write.1.tlog
C:\Users\USER-PC\documents\visual studio 2012\Projects\MFCApplication1\MFCApplication1\Debug\link.12208.read.1.tlog
C:\Users\USER-PC\documents\visual studio 2012\Projects\MFCApplication1\MFCApplication1\Debug\link.12208.write.1.tlog
C:\Users\USER-PC\documents\visual studio 2012\Projects\MFCApplication1\MFCApplication1\Debug\link.12448-cvtres.read.1.tlog
C:\Users\USER-PC\documents\visual studio 2012\Projects\MFCApplication1\MFCApplication1\Debug\link.12448-cvtres.write.1.tlog
C:\Users\USER-PC\documents\visual studio 2012\Projects\MFCApplication1\MFCApplication1\Debug\link.12448-mt.read.1.tlog
C:\Users\USER-PC\documents\visual studio 2012\Projects\MFCApplication1\MFCApplication1\Debug\link.12448-mt.write.1.tlog
C:\Users\USER-PC\documents\visual studio 2012\Projects\MFCApplication1\MFCApplication1\Debug\link.12448-rc.read.1.tlog
C:\Users\USER-PC\documents\visual studio 2012\Projects\MFCApplication1\MFCApplication1\Debug\link.12448-rc.write.1.tlog
C:\Users\USER-PC\documents\visual studio 2012\Projects\MFCApplication1\MFCApplication1\Debug\link.12448.read.1.tlog
C:\Users\USER-PC\documents\visual studio 2012\Projects\MFCApplication1\MFCApplication1\Debug\link.12448.write.1.tlog
C:\Users\USER-PC\documents\visual studio 2012\Projects\MFCApplication1\MFCApplication1\Debug\link.12540-cvtres.read.1.tlog
C:\Users\USER-PC\documents\visual studio 2012\Projects\MFCApplication1\MFCApplication1\Debug\link.12540-cvtres.write.1.tlog
C:\Users\USER-PC\documents\visual studio 2012\Projects\MFCApplication1\MFCApplication1\Debug\link.12540-mt.read.1.tlog
C:\Users\USER-PC\documents\visual studio 2012\Projects\MFCApplication1\MFCApplication1\Debug\link.12540-mt.write.1.tlog
C:\Users\USER-PC\documents\visual studio 2012\Projects\MFCApplication1\MFCApplication1\Debug\link.12540-rc.read.1.tlog
C:\Users\USER-PC\documents\visual studio 2012\Projects\MFCApplication1\MFCApplication1\Debug\link.12540-rc.write.1.tlog
C:\Users\USER-PC\documents\visual studio 2012\Projects\MFCApplication1\MFCApplication1\Debug\link.12540.read.1.tlog
C:\Users\USER-PC\documents\visual studio 2012\Projects\MFCApplication1\MFCApplication1\Debug\link.12540.write.1.tlog
C:\Users\USER-PC\documents\visual studio 2012\Projects\MFCApplication1\MFCApplication1\Debug\link.1380-cvtres.read.1.tlog
C:\Users\USER-PC\documents\visual studio 2012\Projects\MFCApplication1\MFCApplication1\Debug\link.1380-cvtres.write.1.tlog
C:\Users\USER-PC\documents\visual studio 2012\Projects\MFCApplication1\MFCApplication1\Debug\link.1380-mt.read.1.tlog
C:\Users\USER-PC\documents\visual studio 2012\Projects\MFCApplication1\MFCApplication1\Debug\link.1380-mt.write.1.tlog
C:\Users\USER-PC\documents\visual studio 2012\Projects\MFCApplication1\MFCApplication1\Debug\link.1380-rc.read.1.tlog
C:\Users\USER-PC\documents\visual studio 2012\Projects\MFCApplication1\MFCApplication1\Debug\link.1380-rc.write.1.tlog
C:\Users\USER-PC\documents\visual studio 2012\Projects\MFCApplication1\MFCApplication1\Debug\link.1380.read.1.tlog
C:\Users\USER-PC\documents\visual studio 2012\Projects\MFCApplication1\MFCApplication1\Debug\link.1380.write.1.tlog
C:\Users\USER-PC\documents\visual studio 2012\Projects\MFCApplication1\MFCApplication1\Debug\link.3592-cvtres.read.1.tlog
C:\Users\USER-PC\documents\visual studio 2012\Projects\MFCApplication1\MFCApplication1\Debug\link.3592-cvtres.write.1.tlog
C:\Users\USER-PC\documents\visual studio 2012\Projects\MFCApplication1\MFCApplication1\Debug\link.3592-mt.read.1.tlog
C:\Users\USER-PC\documents\visual studio 2012\Projects\MFCApplication1\MFCApplication1\Debug\link.3592-mt.write.1.tlog
C:\Users\USER-PC\documents\visual studio 2012\Projects\MFCApplication1\MFCApplication1\Debug\link.3592-rc.read.1.tlog
C:\Users\USER-PC\documents\visual studio 2012\Projects\MFCApplication1\MFCApplication1\Debug\link.3592-rc.write.1.tlog
C:\Users\USER-PC\documents\visual studio 2012\Projects\MFCApplication1\MFCApplication1\Debug\link.3592.read.1.tlog
C:\Users\USER-PC\documents\visual studio 2012\Projects\MFCApplication1\MFCApplication1\Debug\link.3592.write.1.tlog
C:\Users\USER-PC\documents\visual studio 2012\Projects\MFCApplication1\MFCApplication1\Debug\link.7196-cvtres.read.1.tlog
C:\Users\USER-PC\documents\visual studio 2012\Projects\MFCApplication1\MFCApplication1\Debug\link.7196-cvtres.write.1.tlog
C:\Users\USER-PC\documents\visual studio 2012\Projects\MFCApplication1\MFCApplication1\Debug\link.7196-mt.read.1.tlog
C:\Users\USER-PC\documents\visual studio 2012\Projects\MFCApplication1\MFCApplication1\Debug\link.7196-mt.write.1.tlog
C:\Users\USER-PC\documents\visual studio 2012\Projects\MFCApplication1\MFCApplication1\Debug\link.7196-rc.read.1.tlog
C:\Users\USER-PC\documents\visual studio 2012\Projects\MFCApplication1\MFCApplication1\Debug\link.7196-rc.write.1.tlog
C:\Users\USER-PC\documents\visual studio 2012\Projects\MFCApplication1\MFCApplication1\Debug\link.7196.read.1.tlog
C:\Users\USER-PC\documents\visual studio 2012\Projects\MFCApplication1\MFCApplication1\Debug\link.7196.write.1.tlog
C:\Users\USER-PC\documents\visual studio 2012\Projects\MFCApplication1\MFCApplication1\Debug\link.7340-cvtres.read.1.tlog
C:\Users\USER-PC\documents\visual studio 2012\Projects\MFCApplication1\MFCApplication1\Debug\link.7340-cvtres.write.1.tlog
C:\Users\USER-PC\documents\visual studio 2012\Projects\MFCApplication1\MFCApplication1\Debug\link.7340-mt.read.1.tlog
C:\Users\USER-PC\documents\visual studio 2012\Projects\MFCApplication1\MFCApplication1\Debug\link.7340-mt.write.1.tlog
C:\Users\USER-PC\documents\visual studio 2012\Projects\MFCApplication1\MFCApplication1\Debug\link.7340-rc.read.1.tlog
C:\Users\USER-PC\documents\visual studio 2012\Projects\MFCApplication1\MFCApplication1\Debug\link.7340-rc.write.1.tlog
C:\Users\USER-PC\documents\visual studio 2012\Projects\MFCApplication1\MFCApplication1\Debug\link.7340.read.1.tlog
C:\Users\USER-PC\documents\visual studio 2012\Projects\MFCApplication1\MFCApplication1\Debug\link.7340.write.1.tlog
C:\Users\USER-PC\documents\visual studio 2012\Projects\MFCApplication1\MFCApplication1\Debug\link.8632-cvtres.read.1.tlog
C:\Users\USER-PC\documents\visual studio 2012\Projects\MFCApplication1\MFCApplication1\Debug\link.8632-cvtres.write.1.tlog
C:\Users\USER-PC\documents\visual studio 2012\Projects\MFCApplication1\MFCApplication1\Debug\link.8632-mt.read.1.tlog
C:\Users\USER-PC\documents\visual studio 2012\Projects\MFCApplication1\MFCApplication1\Debug\link.8632-mt.write.1.tlog
C:\Users\USER-PC\documents\visual studio 2012\Projects\MFCApplication1\MFCApplication1\Debug\link.8632-rc.read.1.tlog
C:\Users\USER-PC\documents\visual studio 2012\Projects\MFCApplication1\MFCApplication1\Debug\link.8632-rc.write.1.tlog
C:\Users\USER-PC\documents\visual studio 2012\Projects\MFCApplication1\MFCApplication1\Debug\link.8632.read.1.tlog
C:\Users\USER-PC\documents\visual studio 2012\Projects\MFCApplication1\MFCApplication1\Debug\link.8632.write.1.tlog
C:\Users\USER-PC\documents\visual studio 2012\Projects\MFCApplication1\MFCApplication1\Debug\link.8656-cvtres.read.1.tlog
C:\Users\USER-PC\documents\visual studio 2012\Projects\MFCApplication1\MFCApplication1\Debug\link.8656-cvtres.write.1.tlog
C:\Users\USER-PC\documents\visual studio 2012\Projects\MFCApplication1\MFCApplication1\Debug\link.8656-mt.read.1.tlog
C:\Users\USER-PC\documents\visual studio 2012\Projects\MFCApplication1\MFCApplication1\Debug\link.8656-mt.write.1.tlog
C:\Users\USER-PC\documents\visual studio 2012\Projects\MFCApplication1\MFCApplication1\Debug\link.8656-rc.read.1.tlog
C:\Users\USER-PC\documents\visual studio 2012\Projects\MFCApplication1\MFCApplication1\Debug\link.8656-rc.write.1.tlog
C:\Users\USER-PC\documents\visual studio 2012\Projects\MFCApplication1\MFCApplication1\Debug\link.8656.read.1.tlog
C:\Users\USER-PC\documents\visual studio 2012\Projects\MFCApplication1\MFCApplication1\Debug\link.8656.write.1.tlog
C:\Users\USER-PC\documents\visual studio 2012\Projects\MFCApplication1\MFCApplication1\Debug\link.9472-cvtres.read.1.tlog
C:\Users\USER-PC\documents\visual studio 2012\Projects\MFCApplication1\MFCApplication1\Debug\link.9472-cvtres.write.1.tlog
C:\Users\USER-PC\documents\visual studio 2012\Projects\MFCApplication1\MFCApplication1\Debug\link.9472-mt.read.1.tlog
C:\Users\USER-PC\documents\visual studio 2012\Projects\MFCApplication1\MFCApplication1\Debug\link.9472-mt.write.1.tlog
C:\Users\USER-PC\documents\visual studio 2012\Projects\MFCApplication1\MFCApplication1\Debug\link.9472-rc.read.1.tlog
C:\Users\USER-PC\documents\visual studio 2012\Projects\MFCApplication1\MFCApplication1\Debug\link.9472-rc.write.1.tlog
C:\Users\USER-PC\documents\visual studio 2012\Projects\MFCApplication1\MFCApplication1\Debug\link.9472.read.1.tlog
C:\Users\USER-PC\documents\visual studio 2012\Projects\MFCApplication1\MFCApplication1\Debug\link.9472.write.1.tlog
C:\Users\USER-PC\documents\visual studio 2012\Projects\MFCApplication1\MFCApplication1\Debug\link.9480-cvtres.read.1.tlog
C:\Users\USER-PC\documents\visual studio 2012\Projects\MFCApplication1\MFCApplication1\Debug\link.9480-cvtres.write.1.tlog
C:\Users\USER-PC\documents\visual studio 2012\Projects\MFCApplication1\MFCApplication1\Debug\link.9480-mt.read.1.tlog
C:\Users\USER-PC\documents\visual studio 2012\Projects\MFCApplication1\MFCApplication1\Debug\link.9480-mt.write.1.tlog
C:\Users\USER-PC\documents\visual studio 2012\Projects\MFCApplication1\MFCApplication1\Debug\link.9480-rc.read.1.tlog
C:\Users\USER-PC\documents\visual studio 2012\Projects\MFCApplication1\MFCApplication1\Debug\link.9480-rc.write.1.tlog
C:\Users\USER-PC\documents\visual studio 2012\Projects\MFCApplication1\MFCApplication1\Debug\link.9480.read.1.tlog
C:\Users\USER-PC\documents\visual studio 2012\Projects\MFCApplication1\MFCApplication1\Debug\link.9480.write.1.tlog
C:\Users\USER-PC\documents\visual studio 2012\Projects\MFCApplication1\MFCApplication1\Debug\link.command.1.tlog
C:\Users\USER-PC\documents\visual studio 2012\Projects\MFCApplication1\MFCApplication1\Debug\link.read.1.tlog
C:\Users\USER-PC\documents\visual studio 2012\Projects\MFCApplication1\MFCApplication1\Debug\link.write.1.tlog
C:\Users\USER-PC\documents\visual studio 2012\Projects\MFCApplication1\MFCApplication1\Debug\rc.command.1.tlog
C:\Users\USER-PC\documents\visual studio 2012\Projects\MFCApplication1\MFCApplication1\Debug\rc.read.1.tlog
C:\Users\USER-PC\documents\visual studio 2012\Projects\MFCApplication1\MFCApplication1\Debug\rc.write.1.tlog
C:\Users\USER-PC\documents\visual studio 2012\Projects\MFCApplication1\MFCApplication1\Debug\MFCApplication1.res
C:\Users\USER-PC\documents\visual studio 2012\Projects\MFCApplication1\MFCApplication1\Debug\MFCApplication1.pch
C:\Users\USER-PC\documents\visual studio 2012\Projects\MFCApplication1\MFCApplication1\Debug\vc110.idb
C:\Users\USER-PC\documents\visual studio 2012\Projects\MFCApplication1\MFCApplication1\Debug\vc110.pdb
C:\Users\USER-PC\documents\visual studio 2012\Projects\MFCApplication1\Debug\MFCApplication1.pdb
C:\Users\USER-PC\documents\visual studio 2012\Projects\MFCApplication1\Debug\MFCApplication1.exe
C:\Users\USER-PC\documents\visual studio 2012\Projects\MFCApplication1\Debug\MFCApplication1.ilk
