빌드 시작: 2025-06-09 오전 9:20:53
     1>2 노드의 "C:\Users\USER-PC\documents\visual studio 2012\Projects\MFCApplication1\MFCApplication1\MFCApplication1.vcxproj" 프로젝트(Build 대상)입니다.
     1>ClCompile:
         C:\Program Files (x86)\Microsoft Visual Studio 11.0\VC\bin\CL.exe /c /ZI /nologo /W3 /WX- /sdl /Od /Oy- /D WIN32 /D _WINDOWS /D _DEBUG /D _UNICODE /D UNICODE /D _AFXDLL /Gm /EHsc /RTC1 /MDd /GS /fp:precise /Zc:wchar_t /Zc:forScope /Yu"stdafx.h" /Fp"Debug\MFCApplication1.pch" /Fo"Debug\\" /Fd"Debug\vc110.pdb" /Gd /TP /analyze- /errorReport:prompt CalculatorDlg.cpp logic.cpp
         logic.cpp
         CalculatorDlg.cpp
         코드를 생성하고 있습니다...
       Link:
         C:\Program Files (x86)\Microsoft Visual Studio 11.0\VC\bin\link.exe /ERRORREPORT:PROMPT /OUT:"C:\Users\USER-PC\documents\visual studio 2012\Projects\MFCApplication1\Debug\MFCApplication1.exe" /INCREMENTAL /NOLOGO /MANIFEST /MANIFESTUAC:"level='asInvoker' uiAccess='false'" /manifest:embed /manifestinput:"C:\Program Files (x86)\Microsoft Visual Studio 11.0\VC\Include\Manifest\dpiaware.manifest" /DEBUG /PDB:"C:\Users\USER-PC\documents\visual studio 2012\Projects\MFCApplication1\Debug\MFCApplication1.pdb" /SUBSYSTEM:WINDOWS /TLBID:1 /ENTRY:"wWinMainCRTStartup" /DYNAMICBASE /NXCOMPAT /IMPLIB:"C:\Users\USER-PC\documents\visual studio 2012\Projects\MFCApplication1\Debug\MFCApplication1.lib" /MACHINE:X86 Debug\MFCApplication1.res
         Debug\CalculatorDlg.obj
         Debug\logic.obj
         Debug\MainFrm.obj
         Debug\MFCApplication1.obj
         Debug\MFCApplication1Doc.obj
         Debug\MFCApplication1View.obj
         Debug\stdafx.obj
         Debug\style.obj
         Debug\utils.obj
         MFCApplication1.vcxproj -> C:\Users\USER-PC\documents\visual studio 2012\Projects\MFCApplication1\Debug\MFCApplication1.exe
     1>"C:\Users\USER-PC\documents\visual studio 2012\Projects\MFCApplication1\MFCApplication1\MFCApplication1.vcxproj" 프로젝트를 빌드했습니다(Build 대상).

빌드했습니다.

경과 시간: 00:00:00.65
